<?xml version="1.0" encoding="UTF-8"?>
<testng-results ignored="0" total="1" passed="1" failed="0" skipped="0">
  <reporter-output>
  </reporter-output>
  <suite started-at="2023-09-18T22:12:34 IST" name="Suite" finished-at="2023-09-18T22:12:39 IST" duration-ms="5744">
    <groups>
    </groups>
    <test started-at="2023-09-18T22:12:34 IST" name="Test" finished-at="2023-09-18T22:12:39 IST" duration-ms="5744">
      <class name="stc.com.sltest.NewTest">
        <test-method signature="f()[pri:0, instance:stc.com.sltest.NewTest@365c30cc]" started-at="2023-09-18T22:12:34 IST" name="f" finished-at="2023-09-18T22:12:39 IST" duration-ms="5719" status="PASS">
          <reporter-output>
          </reporter-output>
        </test-method> <!-- f -->
      </class> <!-- stc.com.sltest.NewTest -->
    </test> <!-- Test -->
  </suite> <!-- Suite -->
</testng-results>
