<?xml version="1.0" encoding="UTF-8"?>
<testng-results ignored="0" total="1" passed="1" failed="0" skipped="0">
  <reporter-output>
  </reporter-output>
  <suite started-at="2023-09-19T20:42:43 IST" name="Suite" finished-at="2023-09-19T20:42:47 IST" duration-ms="4178">
    <groups>
    </groups>
    <test started-at="2023-09-19T20:42:43 IST" name="Test" finished-at="2023-09-19T20:42:47 IST" duration-ms="4178">
      <class name="stc.com.sltest.NewTest">
        <test-method signature="f()[pri:0, instance:stc.com.sltest.NewTest@ef9296d]" started-at="2023-09-19T20:42:43 IST" name="f" finished-at="2023-09-19T20:42:47 IST" duration-ms="4139" status="PASS">
          <reporter-output>
          </reporter-output>
        </test-method> <!-- f -->
      </class> <!-- stc.com.sltest.NewTest -->
    </test> <!-- Test -->
  </suite> <!-- Suite -->
</testng-results>
